app/mapping.txt
# compiler: R8
# compiler_version: 8.1.65
# min_api: 26
# common_typos_disable
# {"id":"com.android.tools.r8.mapping","version":"2.2"}
# pg_map_id: c08b595
# pg_map_hash: SHA-256 c08b5950c9ae8e1bf230f76084f9c283a5b30f8a3f288619fc24b9f777bb108f
com.philolog.hoplitekeyboard.AboutActivity -> com.philolog.hoplitekeyboard.AboutActivity:
# {"id":"sourceFile","fileName":"AboutActivity.java"}
    29:29:void <init>() -> <init>
    33:49:void onCreate(android.os.Bundle) -> onCreate
com.philolog.hoplitekeyboard.GreekVerb -> com.philolog.hoplitekeyboard.GreekVerb:
# {"id":"sourceFile","fileName":"GreekVerb.java"}
    31:33:void <clinit>() -> <clinit>
com.philolog.hoplitekeyboard.HCGreekEditText -> com.philolog.hoplitekeyboard.HCGreekEditText:
# {"id":"sourceFile","fileName":"HCGreekEditText.java"}
    16:32:void <init>(android.content.Context,android.util.AttributeSet) -> <init>
com.philolog.hoplitekeyboard.HKHandleKeys -> com.philolog.hoplitekeyboard.HKHandleKeys:
# {"id":"sourceFile","fileName":"HKHandleKeys.java"}
    91:91:void <clinit>() -> <clinit>
    276:276:boolean isCombiningCharacter(char) -> isCombiningCharacter
    290:290:boolean isDiacriticKey(int) -> isDiacriticKey
    304:304:boolean isPunctuationKey(int) -> isPunctuationKey
    170:209:void localAccentLetter(android.view.inputmethod.InputConnection,int,int,int) -> localAccentLetter
    213:226:int numCombiningChars(java.lang.String) -> numCombiningChars
    231:244:int numCombiningCharsAfter(java.lang.String) -> numCombiningCharsAfter
    104:164:void onKey(int,int[],android.view.inputmethod.InputConnection,int) -> onKey
com.philolog.hoplitekeyboard.HKLocalOnKeyboardActionListener -> com.philolog.hoplitekeyboard.HKLocalOnKeyboardActionListener:
# {"id":"sourceFile","fileName":"HKLocalOnKeyboardActionListener.java"}
    41:50:void <init>(android.view.inputmethod.InputConnection,com.philolog.hoplitekeyboard.HopliteKeyboardView,android.content.Context) -> <init>
    53:84:void onKey(int,int[]) -> onKey
    107:108:void onPress(int) -> onPress
    111:111:void onRelease(int) -> onRelease
    114:114:void onText(java.lang.CharSequence) -> onText
    138:154:void playClick(int) -> playClick
    88:103:void setKeys(android.content.Context,android.inputmethodservice.KeyboardView) -> setKeys
    117:117:void swipeDown() -> swipeDown
    120:120:void swipeLeft() -> swipeLeft
    123:123:void swipeRight() -> swipeRight
    126:126:void swipeUp() -> swipeUp
    130:135:void vibrate() -> vibrate
com.philolog.hoplitekeyboard.HKMainMenu -> com.philolog.hoplitekeyboard.HKMainMenu:
# {"id":"sourceFile","fileName":"HKMainMenu.java"}
    44:44:void <init>() -> <init>
    52:71:void localSetTheme() -> localSetTheme
    75:134:void onCreate(android.os.Bundle) -> onCreate
    232:237:void onResume() -> onResume
    137:150:void showAbout(android.view.View) -> showAbout
    169:182:void showInstallation(android.view.View) -> showInstallation
    153:166:void showSettings(android.view.View) -> showSettings
    185:198:void showTesting(android.view.View) -> showTesting
com.philolog.hoplitekeyboard.HKMainMenu$1 -> com.philolog.hoplitekeyboard.HKMainMenu$1:
# {"id":"sourceFile","fileName":"HKMainMenu.java"}
    104:104:void <init>(com.philolog.hoplitekeyboard.HKMainMenu) -> <init>
    106:120:void onSharedPreferenceChanged(android.content.SharedPreferences,java.lang.String) -> onSharedPreferenceChanged
com.philolog.hoplitekeyboard.HKMainMenu$2 -> com.philolog.hoplitekeyboard.HKMainMenu$2:
# {"id":"sourceFile","fileName":"HKMainMenu.java"}
    124:124:void <init>(com.philolog.hoplitekeyboard.HKMainMenu) -> <init>
    126:130:boolean onTouch(android.view.View,android.view.MotionEvent) -> onTouch
com.philolog.hoplitekeyboard.HKSettings -> com.philolog.hoplitekeyboard.HKSettings:
# {"id":"sourceFile","fileName":"HKSettings.java"}
    29:29:void <init>() -> <init>
    33:42:void onCreate(android.os.Bundle) -> onCreate
...
kotlin.coroutines.jvm.internal.ModuleNameRetriever$Cache -> kotlin.coroutines.jvm.internal.ModuleNameRetriever$Cache:
# {"id":"sourceFile","fileName":"DebugMetadata.kt"}
    52:57:void <init>(java.lang.reflect.Method,java.lang.reflect.Method,java.lang.reflect.Method) -> <init>
kotlin.coroutines.jvm.internal.RestrictedContinuationImpl -> kotlin.coroutines.jvm.internal.RestrictedContinuationImpl:
# {"id":"sourceFile","fileName":"ContinuationImpl.kt"}
    81:90:void <init>(kotlin.coroutines.Continuation) -> <init>
    93:93:kotlin.coroutines.CoroutineContext getContext() -> getContext
kotlin.coroutines.jvm.internal.SuspendLambda -> kotlin.coroutines.jvm.internal.SuspendLambda:
# {"id":"sourceFile","fileName":"ContinuationImpl.kt"}
    156:159:void <init>(int,kotlin.coroutines.Continuation) -> <init>
    157:157:int getArity() -> getArity
    163:166:java.lang.String toString() -> toString
kotlin.internal.PlatformImplementations -> kotlin.internal.PlatformImplementations:
# {"id":"sourceFile","fileName":"PlatformImplementations.kt"}
    13:13:void <init>() -> <init>
    32:33:void addSuppressed(java.lang.Throwable,java.lang.Throwable) -> addSuppressed
    45:45:kotlin.random.Random defaultPlatformRandom() -> defaultPlatformRandom
kotlin.internal.PlatformImplementations$ReflectThrowable -> kotlin.internal.PlatformImplementations$ReflectThrowable:
# {"id":"sourceFile","fileName":"PlatformImplementations.kt"}
    21:119:void <clinit>() -> <clinit>
    15:15:void <init>() -> <init>
kotlin.internal.PlatformImplementationsKt -> kotlin.internal.PlatformImplementationsKt:
# {"id":"sourceFile","fileName":"PlatformImplementations.kt"}
    50:70:void <clinit>() -> <clinit>
    88:102:int getJavaVersion() -> getJavaVersion
kotlin.internal.ProgressionUtilKt -> kotlin.internal.ProgressionUtilKt:
# {"id":"sourceFile","fileName":"progressionUtil.kt"}
    21:21:int differenceModulo(int,int,int) -> differenceModulo
    45:49:int getProgressionLastElement(int,int,int) -> getProgressionLastElement
    48:49:int getProgressionLastElement(int,int,int) -> getProgressionLastElement
    10:11:int mod(int,int) -> mod
kotlin.internal.jdk7.JDK7PlatformImplementations -> kotlin.internal.jdk7.JDK7PlatformImplementations:
# {"id":"sourceFile","fileName":"JDK7PlatformImplementations.kt"}
    11:11:void <init>() -> <init>
    14:14:void addSuppressed(java.lang.Throwable,java.lang.Throwable) -> addSuppressed
kotlin.internal.jdk8.JDK8PlatformImplementations -> kotlin.internal.jdk8.JDK8PlatformImplementations:
# {"id":"sourceFile","fileName":"JDK8PlatformImplementations.kt"}
    27:27:void <init>() -> <init>
    39:39:kotlin.random.Random defaultPlatformRandom() -> defaultPlatformRandom
kotlin.io.CloseableKt -> kotlin.io.CloseableKt:
# {"id":"sourceFile","fileName":"Closeable.kt"}
    55:64:void closeFinally(java.io.Closeable,java.lang.Throwable) -> closeFinally
kotlin.jvm.JvmClassMappingKt -> kotlin.jvm.JvmClassMappingKt:
# {"id":"sourceFile","fileName":"JvmClassMapping.kt"}
    28:28:java.lang.Class getJavaClass(kotlin.reflect.KClass) -> getJavaClass
    58:71:java.lang.Class getJavaObjectType(kotlin.reflect.KClass) -> getJavaObjectType
kotlin.jvm.functions.Function0 -> kotlin.jvm.functions.Function0:
# {"id":"sourceFile","fileName":"Functions.kt"}
kotlin.jvm.functions.Function1 -> kotlin.jvm.functions.Function1:
# {"id":"sourceFile","fileName":"Functions.kt"}
kotlin.jvm.functions.Function10 -> kotlin.jvm.functions.Function10:
# {"id":"sourceFile","fileName":"Functions.kt"}
kotlin.jvm.functions.Function11 -> kotlin.jvm.functions.Function11:
# {"id":"sourceFile","fileName":"Functions.kt"}
kotlin.jvm.functions.Function12 -> kotlin.jvm.functions.Function12:
# {"id":"sourceFile","fileName":"Functions.kt"}
kotlin.jvm.functions.Function13 -> kotlin.jvm.functions.Function13:
# {"id":"sourceFile","fileName":"Functions.kt"}
kotlin.jvm.functions.Function14 -> kotlin.jvm.functions.Function14:
# {"id":"sourceFile","fileName":"Functions.kt"}